[2024-07-18 13:21:42] local.INFO: Email data: {"data":{"confirmation_link":"http://127.0.0.1:8000/user/verified/53","user":{"App\\Models\\User":{"first_name":"Amery","last_name":"Chase","role_id":3,"email":"keqyqoxeb130i@mailinator.com","user_type":"client-staff","client_id":52,"permissions":["manage_whatsapp","manage_telegram","manage_ai_writer","manage_team","manage_chat","manage_campaigns","manage_ticket","manage_setting","manage_widget","manage_template","manage_flow"],"status":1,"updated_at":"2024-07-18T11:21:42.000000Z","created_at":"2024-07-18T11:21:42.000000Z","id":53}},"subject":"Confirm your email","email_templates":{"App\\Models\\EmailTemplate":{"id":2,"subject":"Confirm your email","identifier":"confirmation_email","title":"Email Confirmation","body":"<p>Hi {name},</p><p>Please confirm your email by clicking the link below:</p><p>{confirmation_link}</p><p><br></p><p>Thanks</p><p>{site_name}</p>","short_codes":"{name},{email},{site_name},{confirmation_link}","email_type":"user","status":1,"created_at":"2024-07-18T09:54:15.000000Z","updated_at":"2024-07-18T09:54:15.000000Z"}},"template_title":"Email Confirmation"}} 
[2024-07-18 13:21:42] local.INFO: Sending email {"to":["keqyqoxeb130i@mailinator.com"],"from":"15rojoni.1998@gmail.com","view":"emails.template_mail","data":{"confirmation_link":"http://127.0.0.1:8000/user/verified/53","user":{"App\\Models\\User":{"first_name":"Amery","last_name":"Chase","role_id":3,"email":"keqyqoxeb130i@mailinator.com","user_type":"client-staff","client_id":52,"permissions":["manage_whatsapp","manage_telegram","manage_ai_writer","manage_team","manage_chat","manage_campaigns","manage_ticket","manage_setting","manage_widget","manage_template","manage_flow"],"status":1,"updated_at":"2024-07-18T11:21:42.000000Z","created_at":"2024-07-18T11:21:42.000000Z","id":53}},"subject":"Confirm your email","email_templates":{"App\\Models\\EmailTemplate":{"id":2,"subject":"Confirm your email","identifier":"confirmation_email","title":"Email Confirmation","body":"<p>Hi {name},</p><p>Please confirm your email by clicking the link below:</p><p>{confirmation_link}</p><p><br></p><p>Thanks</p><p>{site_name}</p>","short_codes":"{name},{email},{site_name},{confirmation_link}","email_type":"user","status":1,"created_at":"2024-07-18T09:54:15.000000Z","updated_at":"2024-07-18T09:54:15.000000Z"}},"template_title":"Email Confirmation"}} 
[2024-07-18 13:23:41] local.INFO: Sending email {"to":["keqyqoxeb130i@mailinator.com"],"from":"15rojoni.1998@gmail.com","view":"emails.template_mail","data":{"user":{"App\\Models\\User":{"id":53,"first_name":"Amery","last_name":"Chase","email":"keqyqoxeb130i@mailinator.com","email_verified_at":"2024-07-18 13:23:41","phone_country_id":null,"phone":null,"client_id":52,"permissions":["manage_whatsapp","manage_telegram","manage_ai_writer","manage_team","manage_chat","manage_campaigns","manage_ticket","manage_setting","manage_widget","manage_template","manage_flow"],"user_type":"client-staff","firebase_auth_id":null,"language_id":null,"currency_id":null,"status":1,"is_primary":0,"images":null,"last_login":null,"last_password_change":null,"is_user_banned":0,"is_deleted":0,"role_id":3,"address":null,"country_id":null,"about":null,"is_newsletter_enabled":0,"is_notification_enabled":0,"onesignal_player_id":null,"is_onesignal_subscribed":0,"created_at":"2024-07-18T11:21:42.000000Z","updated_at":"2024-07-18T11:21:42.000000Z"}},"email_templates":{"App\\Models\\EmailTemplate":{"id":3,"subject":"Welcome to","identifier":"welcome_email","title":"Welcome Email","body":"Welcome to {site_name}","short_codes":"{name},{email},{site_name},{login_link}","email_type":"user","status":1,"created_at":"2024-07-18T09:54:15.000000Z","updated_at":"2024-07-18T09:54:15.000000Z"}},"template_title":"Welcome Email"}} 
[2024-07-18 13:26:56] local.ERROR: Trait method App\Traits\BotReplyTrait::determineNextNode has not been applied as App\Repositories\Client\WaCampaignRepository::determineNextNode, because of collision with App\Traits\WhatsAppTrait::determineNextNode {"exception":"[object] (Symfony\\Component\\ErrorHandler\\Error\\FatalError(code: 0): Trait method App\\Traits\\BotReplyTrait::determineNextNode has not been applied as App\\Repositories\\Client\\WaCampaignRepository::determineNextNode, because of collision with App\\Traits\\WhatsAppTrait::determineNextNode at D:\\xampp\\htdocs\\DeliX-SAS\\app\\Repositories\\Client\\WaCampaignRepository.php:28)
[stacktrace]
#0 {main}
"} 
[2024-07-18 13:27:01] local.ERROR: Trait method App\Traits\BotReplyTrait::determineNextNode has not been applied as App\Repositories\Client\WaCampaignRepository::determineNextNode, because of collision with App\Traits\WhatsAppTrait::determineNextNode {"exception":"[object] (Symfony\\Component\\ErrorHandler\\Error\\FatalError(code: 0): Trait method App\\Traits\\BotReplyTrait::determineNextNode has not been applied as App\\Repositories\\Client\\WaCampaignRepository::determineNextNode, because of collision with App\\Traits\\WhatsAppTrait::determineNextNode at D:\\xampp\\htdocs\\DeliX-SAS\\app\\Repositories\\Client\\WaCampaignRepository.php:28)
[stacktrace]
#0 {main}
"} 
[2024-07-18 13:27:03] local.ERROR: Trait method App\Traits\BotReplyTrait::determineNextNode has not been applied as App\Repositories\Client\WaCampaignRepository::determineNextNode, because of collision with App\Traits\WhatsAppTrait::determineNextNode {"exception":"[object] (Symfony\\Component\\ErrorHandler\\Error\\FatalError(code: 0): Trait method App\\Traits\\BotReplyTrait::determineNextNode has not been applied as App\\Repositories\\Client\\WaCampaignRepository::determineNextNode, because of collision with App\\Traits\\WhatsAppTrait::determineNextNode at D:\\xampp\\htdocs\\DeliX-SAS\\app\\Repositories\\Client\\WaCampaignRepository.php:28)
[stacktrace]
#0 {main}
"} 
[2024-07-18 13:27:07] local.ERROR: Trait method App\Traits\BotReplyTrait::determineNextNode has not been applied as App\Repositories\Client\WaCampaignRepository::determineNextNode, because of collision with App\Traits\WhatsAppTrait::determineNextNode {"exception":"[object] (Symfony\\Component\\ErrorHandler\\Error\\FatalError(code: 0): Trait method App\\Traits\\BotReplyTrait::determineNextNode has not been applied as App\\Repositories\\Client\\WaCampaignRepository::determineNextNode, because of collision with App\\Traits\\WhatsAppTrait::determineNextNode at D:\\xampp\\htdocs\\DeliX-SAS\\app\\Repositories\\Client\\WaCampaignRepository.php:28)
[stacktrace]
#0 {main}
"} 
[2024-07-18 13:27:08] local.ERROR: Trait method App\Traits\BotReplyTrait::determineNextNode has not been applied as App\Repositories\Client\WaCampaignRepository::determineNextNode, because of collision with App\Traits\WhatsAppTrait::determineNextNode {"exception":"[object] (Symfony\\Component\\ErrorHandler\\Error\\FatalError(code: 0): Trait method App\\Traits\\BotReplyTrait::determineNextNode has not been applied as App\\Repositories\\Client\\WaCampaignRepository::determineNextNode, because of collision with App\\Traits\\WhatsAppTrait::determineNextNode at D:\\xampp\\htdocs\\DeliX-SAS\\app\\Repositories\\Client\\WaCampaignRepository.php:28)
[stacktrace]
#0 {main}
"} 
[2024-07-18 13:27:09] local.ERROR: Trait method App\Traits\BotReplyTrait::determineNextNode has not been applied as App\Repositories\Client\WaCampaignRepository::determineNextNode, because of collision with App\Traits\WhatsAppTrait::determineNextNode {"exception":"[object] (Symfony\\Component\\ErrorHandler\\Error\\FatalError(code: 0): Trait method App\\Traits\\BotReplyTrait::determineNextNode has not been applied as App\\Repositories\\Client\\WaCampaignRepository::determineNextNode, because of collision with App\\Traits\\WhatsAppTrait::determineNextNode at D:\\xampp\\htdocs\\DeliX-SAS\\app\\Repositories\\Client\\WaCampaignRepository.php:28)
[stacktrace]
#0 {main}
"} 
[2024-07-18 13:27:10] local.ERROR: Trait method App\Traits\BotReplyTrait::determineNextNode has not been applied as App\Repositories\Client\WaCampaignRepository::determineNextNode, because of collision with App\Traits\WhatsAppTrait::determineNextNode {"exception":"[object] (Symfony\\Component\\ErrorHandler\\Error\\FatalError(code: 0): Trait method App\\Traits\\BotReplyTrait::determineNextNode has not been applied as App\\Repositories\\Client\\WaCampaignRepository::determineNextNode, because of collision with App\\Traits\\WhatsAppTrait::determineNextNode at D:\\xampp\\htdocs\\DeliX-SAS\\app\\Repositories\\Client\\WaCampaignRepository.php:28)
[stacktrace]
#0 {main}
"} 
[2024-07-18 13:27:13] local.ERROR: Trait method App\Traits\BotReplyTrait::determineNextNode has not been applied as App\Repositories\Client\WaCampaignRepository::determineNextNode, because of collision with App\Traits\WhatsAppTrait::determineNextNode {"exception":"[object] (Symfony\\Component\\ErrorHandler\\Error\\FatalError(code: 0): Trait method App\\Traits\\BotReplyTrait::determineNextNode has not been applied as App\\Repositories\\Client\\WaCampaignRepository::determineNextNode, because of collision with App\\Traits\\WhatsAppTrait::determineNextNode at D:\\xampp\\htdocs\\DeliX-SAS\\app\\Repositories\\Client\\WaCampaignRepository.php:28)
[stacktrace]
#0 {main}
"} 
[2024-07-18 13:27:13] local.ERROR: Trait method App\Traits\BotReplyTrait::determineNextNode has not been applied as App\Repositories\Client\WaCampaignRepository::determineNextNode, because of collision with App\Traits\WhatsAppTrait::determineNextNode {"exception":"[object] (Symfony\\Component\\ErrorHandler\\Error\\FatalError(code: 0): Trait method App\\Traits\\BotReplyTrait::determineNextNode has not been applied as App\\Repositories\\Client\\WaCampaignRepository::determineNextNode, because of collision with App\\Traits\\WhatsAppTrait::determineNextNode at D:\\xampp\\htdocs\\DeliX-SAS\\app\\Repositories\\Client\\WaCampaignRepository.php:28)
[stacktrace]
#0 {main}
"} 
[2024-07-18 13:27:15] local.ERROR: Trait method App\Traits\BotReplyTrait::determineNextNode has not been applied as App\Repositories\Client\WaCampaignRepository::determineNextNode, because of collision with App\Traits\WhatsAppTrait::determineNextNode {"exception":"[object] (Symfony\\Component\\ErrorHandler\\Error\\FatalError(code: 0): Trait method App\\Traits\\BotReplyTrait::determineNextNode has not been applied as App\\Repositories\\Client\\WaCampaignRepository::determineNextNode, because of collision with App\\Traits\\WhatsAppTrait::determineNextNode at D:\\xampp\\htdocs\\DeliX-SAS\\app\\Repositories\\Client\\WaCampaignRepository.php:28)
[stacktrace]
#0 {main}
"} 
[2024-07-18 13:27:17] local.ERROR: Trait method App\Traits\BotReplyTrait::determineNextNode has not been applied as App\Repositories\Client\WaCampaignRepository::determineNextNode, because of collision with App\Traits\WhatsAppTrait::determineNextNode {"exception":"[object] (Symfony\\Component\\ErrorHandler\\Error\\FatalError(code: 0): Trait method App\\Traits\\BotReplyTrait::determineNextNode has not been applied as App\\Repositories\\Client\\WaCampaignRepository::determineNextNode, because of collision with App\\Traits\\WhatsAppTrait::determineNextNode at D:\\xampp\\htdocs\\DeliX-SAS\\app\\Repositories\\Client\\WaCampaignRepository.php:28)
[stacktrace]
#0 {main}
"} 
[2024-07-18 13:27:20] local.ERROR: Trait method App\Traits\BotReplyTrait::determineNextNode has not been applied as App\Repositories\Client\WaCampaignRepository::determineNextNode, because of collision with App\Traits\WhatsAppTrait::determineNextNode {"exception":"[object] (Symfony\\Component\\ErrorHandler\\Error\\FatalError(code: 0): Trait method App\\Traits\\BotReplyTrait::determineNextNode has not been applied as App\\Repositories\\Client\\WaCampaignRepository::determineNextNode, because of collision with App\\Traits\\WhatsAppTrait::determineNextNode at D:\\xampp\\htdocs\\DeliX-SAS\\app\\Repositories\\Client\\WaCampaignRepository.php:28)
[stacktrace]
#0 {main}
"} 
[2024-07-18 13:33:43] local.ERROR: Trait method App\Traits\BotReplyTrait::determineNextNode has not been applied as App\Repositories\Client\WaCampaignRepository::determineNextNode, because of collision with App\Traits\WhatsAppTrait::determineNextNode {"exception":"[object] (Symfony\\Component\\ErrorHandler\\Error\\FatalError(code: 0): Trait method App\\Traits\\BotReplyTrait::determineNextNode has not been applied as App\\Repositories\\Client\\WaCampaignRepository::determineNextNode, because of collision with App\\Traits\\WhatsAppTrait::determineNextNode at D:\\xampp\\htdocs\\DeliX-SAS\\app\\Repositories\\Client\\WaCampaignRepository.php:28)
[stacktrace]
#0 {main}
"} 
[2024-07-18 13:33:44] local.ERROR: Trait method App\Traits\BotReplyTrait::determineNextNode has not been applied as App\Repositories\Client\WaCampaignRepository::determineNextNode, because of collision with App\Traits\WhatsAppTrait::determineNextNode {"exception":"[object] (Symfony\\Component\\ErrorHandler\\Error\\FatalError(code: 0): Trait method App\\Traits\\BotReplyTrait::determineNextNode has not been applied as App\\Repositories\\Client\\WaCampaignRepository::determineNextNode, because of collision with App\\Traits\\WhatsAppTrait::determineNextNode at D:\\xampp\\htdocs\\DeliX-SAS\\app\\Repositories\\Client\\WaCampaignRepository.php:28)
[stacktrace]
#0 {main}
"} 
[2024-07-18 13:35:41] local.ERROR: Trait method App\Traits\BotReplyTrait::determineNextNode has not been applied as App\Repositories\Client\WaCampaignRepository::determineNextNode, because of collision with App\Traits\WhatsAppTrait::determineNextNode {"exception":"[object] (Symfony\\Component\\ErrorHandler\\Error\\FatalError(code: 0): Trait method App\\Traits\\BotReplyTrait::determineNextNode has not been applied as App\\Repositories\\Client\\WaCampaignRepository::determineNextNode, because of collision with App\\Traits\\WhatsAppTrait::determineNextNode at D:\\xampp\\htdocs\\DeliX-SAS\\app\\Repositories\\Client\\WaCampaignRepository.php:28)
[stacktrace]
#0 {main}
"} 
[2024-07-18 13:35:43] local.ERROR: Trait method App\Traits\BotReplyTrait::determineNextNode has not been applied as App\Repositories\Client\WaCampaignRepository::determineNextNode, because of collision with App\Traits\WhatsAppTrait::determineNextNode {"exception":"[object] (Symfony\\Component\\ErrorHandler\\Error\\FatalError(code: 0): Trait method App\\Traits\\BotReplyTrait::determineNextNode has not been applied as App\\Repositories\\Client\\WaCampaignRepository::determineNextNode, because of collision with App\\Traits\\WhatsAppTrait::determineNextNode at D:\\xampp\\htdocs\\DeliX-SAS\\app\\Repositories\\Client\\WaCampaignRepository.php:28)
[stacktrace]
#0 {main}
"} 
[2024-07-18 13:40:29] local.INFO: Sending email {"to":["15rojoni.1997@gmail.com"],"from":"15rojoni.1998@gmail.com","view":"emails.template_mail","data":{"confirmation_link":"http://127.0.0.1:8000/user/verify/54","user":{"App\\Models\\User":{"first_name":"Roja","last_name":"rftgh","role_id":3,"email":"15rojoni.1997@gmail.com","user_type":"client-staff","client_id":53,"permissions":["manage_whatsapp","manage_telegram","manage_ai_writer","manage_team","manage_chat","manage_campaigns","manage_ticket","manage_setting","manage_widget","manage_template","manage_flow"],"status":1,"updated_at":"2024-07-18T11:40:29.000000Z","created_at":"2024-07-18T11:40:29.000000Z","id":54}},"subject":"Confirm your email","email_templates":{"App\\Models\\EmailTemplate":{"id":2,"subject":"Confirm your email","identifier":"confirmation_email","title":"Email Confirmation","body":"<p>Hi {name},</p><p>Please confirm your email by clicking the link below:</p><p>{confirmation_link}</p><p><br></p><p>Thanks</p><p>{site_name}</p>","short_codes":"{name},{email},{site_name},{confirmation_link}","email_type":"user","status":1,"created_at":"2024-07-18T09:54:15.000000Z","updated_at":"2024-07-18T09:54:15.000000Z"}},"template_title":"Email Confirmation"}} 
[2024-07-18 13:41:09] local.ERROR: View [admin.auth.verify] not found. {"exception":"[object] (InvalidArgumentException(code: 0): View [admin.auth.verify] not found. at D:\\xampp\\htdocs\\DeliX-SAS\\vendor\\laravel\\framework\\src\\Illuminate\\View\\FileViewFinder.php:137)
[stacktrace]
#0 D:\\xampp\\htdocs\\DeliX-SAS\\vendor\\laravel\\framework\\src\\Illuminate\\View\\FileViewFinder.php(79): Illuminate\\View\\FileViewFinder->findInPaths('admin.auth.veri...', Array)
#1 D:\\xampp\\htdocs\\DeliX-SAS\\vendor\\laravel\\framework\\src\\Illuminate\\View\\Factory.php(137): Illuminate\\View\\FileViewFinder->find('admin.auth.veri...')
#2 D:\\xampp\\htdocs\\DeliX-SAS\\vendor\\laravel\\framework\\src\\Illuminate\\Foundation\\helpers.php(1035): Illuminate\\View\\Factory->make('admin.auth.veri...', Array, Array)
#3 D:\\xampp\\htdocs\\DeliX-SAS\\app\\Http\\Controllers\\Auth\\AuthController.php(299): view('admin.auth.veri...', Array)
#4 D:\\xampp\\htdocs\\DeliX-SAS\\vendor\\laravel\\framework\\src\\Illuminate\\Routing\\Controller.php(54): App\\Http\\Controllers\\Auth\\AuthController->verify('54')
#5 D:\\xampp\\htdocs\\DeliX-SAS\\vendor\\laravel\\framework\\src\\Illuminate\\Routing\\ControllerDispatcher.php(43): Illuminate\\Routing\\Controller->callAction('verify', Array)
#6 D:\\xampp\\htdocs\\DeliX-SAS\\vendor\\laravel\\framework\\src\\Illuminate\\Routing\\Route.php(259): Illuminate\\Routing\\ControllerDispatcher->dispatch(Object(Illuminate\\Routing\\Route), Object(App\\Http\\Controllers\\Auth\\AuthController), 'verify')
#7 D:\\xampp\\htdocs\\DeliX-SAS\\vendor\\laravel\\framework\\src\\Illuminate\\Routing\\Route.php(205): Illuminate\\Routing\\Route->runController()
#8 D:\\xampp\\htdocs\\DeliX-SAS\\vendor\\laravel\\framework\\src\\Illuminate\\Routing\\Router.php(798): Illuminate\\Routing\\Route->run()
#9 D:\\xampp\\htdocs\\DeliX-SAS\\vendor\\laravel\\framework\\src\\Illuminate\\Pipeline\\Pipeline.php(141): Illuminate\\Routing\\Router->Illuminate\\Routing\\{closure}(Object(Illuminate\\Http\\Request))
#10 D:\\xampp\\htdocs\\DeliX-SAS\\app\\Http\\Middleware\\InstallCheckMiddleware.php(22): Illuminate\\Pipeline\\Pipeline->Illuminate\\Pipeline\\{closure}(Object(Illuminate\\Http\\Request))
#11 D:\\xampp\\htdocs\\DeliX-SAS\\vendor\\laravel\\framework\\src\\Illuminate\\Pipeline\\Pipeline.php(180): App\\Http\\Middleware\\InstallCheckMiddleware->handle(Object(Illuminate\\Http\\Request), Object(Closure))
#12 D:\\xampp\\htdocs\\DeliX-SAS\\app\\Http\\Middleware\\XssMiddleware.php(24): Illuminate\\Pipeline\\Pipeline->Illuminate\\Pipeline\\{closure}(Object(Illuminate\\Http\\Request))
#13 D:\\xampp\\htdocs\\DeliX-SAS\\vendor\\laravel\\framework\\src\\Illuminate\\Pipeline\\Pipeline.php(180): App\\Http\\Middleware\\XssMiddleware->handle(Object(Illuminate\\Http\\Request), Object(Closure))
#14 D:\\xampp\\htdocs\\DeliX-SAS\\vendor\\laravel\\framework\\src\\Illuminate\\Routing\\Middleware\\SubstituteBindings.php(50): Illuminate\\Pipeline\\Pipeline->Illuminate\\Pipeline\\{closure}(Object(Illuminate\\Http\\Request))
#15 D:\\xampp\\htdocs\\DeliX-SAS\\vendor\\laravel\\framework\\src\\Illuminate\\Pipeline\\Pipeline.php(180): Illuminate\\Routing\\Middleware\\SubstituteBindings->handle(Object(Illuminate\\Http\\Request), Object(Closure))
#16 D:\\xampp\\htdocs\\DeliX-SAS\\vendor\\laravel\\framework\\src\\Illuminate\\Foundation\\Http\\Middleware\\VerifyCsrfToken.php(78): Illuminate\\Pipeline\\Pipeline->Illuminate\\Pipeline\\{closure}(Object(Illuminate\\Http\\Request))
#17 D:\\xampp\\htdocs\\DeliX-SAS\\vendor\\laravel\\framework\\src\\Illuminate\\Pipeline\\Pipeline.php(180): Illuminate\\Foundation\\Http\\Middleware\\VerifyCsrfToken->handle(Object(Illuminate\\Http\\Request), Object(Closure))
#18 D:\\xampp\\htdocs\\DeliX-SAS\\vendor\\laravel\\framework\\src\\Illuminate\\View\\Middleware\\ShareErrorsFromSession.php(49): Illuminate\\Pipeline\\Pipeline->Illuminate\\Pipeline\\{closure}(Object(Illuminate\\Http\\Request))
#19 D:\\xampp\\htdocs\\DeliX-SAS\\vendor\\laravel\\framework\\src\\Illuminate\\Pipeline\\Pipeline.php(180): Illuminate\\View\\Middleware\\ShareErrorsFromSession->handle(Object(Illuminate\\Http\\Request), Object(Closure))
#20 D:\\xampp\\htdocs\\DeliX-SAS\\vendor\\laravel\\framework\\src\\Illuminate\\Session\\Middleware\\StartSession.php(121): Illuminate\\Pipeline\\Pipeline->Illuminate\\Pipeline\\{closure}(Object(Illuminate\\Http\\Request))
#21 D:\\xampp\\htdocs\\DeliX-SAS\\vendor\\laravel\\framework\\src\\Illuminate\\Session\\Middleware\\StartSession.php(64): Illuminate\\Session\\Middleware\\StartSession->handleStatefulRequest(Object(Illuminate\\Http\\Request), Object(Illuminate\\Session\\Store), Object(Closure))
#22 D:\\xampp\\htdocs\\DeliX-SAS\\vendor\\laravel\\framework\\src\\Illuminate\\Pipeline\\Pipeline.php(180): Illuminate\\Session\\Middleware\\StartSession->handle(Object(Illuminate\\Http\\Request), Object(Closure))
#23 D:\\xampp\\htdocs\\DeliX-SAS\\vendor\\laravel\\framework\\src\\Illuminate\\Cookie\\Middleware\\AddQueuedCookiesToResponse.php(37): Illuminate\\Pipeline\\Pipeline->Illuminate\\Pipeline\\{closure}(Object(Illuminate\\Http\\Request))
#24 D:\\xampp\\htdocs\\DeliX-SAS\\vendor\\laravel\\framework\\src\\Illuminate\\Pipeline\\Pipeline.php(180): Illuminate\\Cookie\\Middleware\\AddQueuedCookiesToResponse->handle(Object(Illuminate\\Http\\Request), Object(Closure))
#25 D:\\xampp\\htdocs\\DeliX-SAS\\vendor\\laravel\\framework\\src\\Illuminate\\Cookie\\Middleware\\EncryptCookies.php(67): Illuminate\\Pipeline\\Pipeline->Illuminate\\Pipeline\\{closure}(Object(Illuminate\\Http\\Request))
#26 D:\\xampp\\htdocs\\DeliX-SAS\\vendor\\laravel\\framework\\src\\Illuminate\\Pipeline\\Pipeline.php(180): Illuminate\\Cookie\\Middleware\\EncryptCookies->handle(Object(Illuminate\\Http\\Request), Object(Closure))
#27 D:\\xampp\\htdocs\\DeliX-SAS\\vendor\\laravel\\framework\\src\\Illuminate\\Pipeline\\Pipeline.php(116): Illuminate\\Pipeline\\Pipeline->Illuminate\\Pipeline\\{closure}(Object(Illuminate\\Http\\Request))
#28 D:\\xampp\\htdocs\\DeliX-SAS\\vendor\\laravel\\framework\\src\\Illuminate\\Routing\\Router.php(797): Illuminate\\Pipeline\\Pipeline->then(Object(Closure))
#29 D:\\xampp\\htdocs\\DeliX-SAS\\vendor\\laravel\\framework\\src\\Illuminate\\Routing\\Router.php(776): Illuminate\\Routing\\Router->runRouteWithinStack(Object(Illuminate\\Routing\\Route), Object(Illuminate\\Http\\Request))
#30 D:\\xampp\\htdocs\\DeliX-SAS\\vendor\\laravel\\framework\\src\\Illuminate\\Routing\\Router.php(740): Illuminate\\Routing\\Router->runRoute(Object(Illuminate\\Http\\Request), Object(Illuminate\\Routing\\Route))
#31 D:\\xampp\\htdocs\\DeliX-SAS\\vendor\\laravel\\framework\\src\\Illuminate\\Routing\\Router.php(729): Illuminate\\Routing\\Router->dispatchToRoute(Object(Illuminate\\Http\\Request))
#32 D:\\xampp\\htdocs\\DeliX-SAS\\vendor\\laravel\\framework\\src\\Illuminate\\Foundation\\Http\\Kernel.php(190): Illuminate\\Routing\\Router->dispatch(Object(Illuminate\\Http\\Request))
#33 D:\\xampp\\htdocs\\DeliX-SAS\\vendor\\laravel\\framework\\src\\Illuminate\\Pipeline\\Pipeline.php(141): Illuminate\\Foundation\\Http\\Kernel->Illuminate\\Foundation\\Http\\{closure}(Object(Illuminate\\Http\\Request))
#34 D:\\xampp\\htdocs\\DeliX-SAS\\vendor\\laravel\\framework\\src\\Illuminate\\Foundation\\Http\\Middleware\\TransformsRequest.php(21): Illuminate\\Pipeline\\Pipeline->Illuminate\\Pipeline\\{closure}(Object(Illuminate\\Http\\Request))
#35 D:\\xampp\\htdocs\\DeliX-SAS\\vendor\\laravel\\framework\\src\\Illuminate\\Foundation\\Http\\Middleware\\ConvertEmptyStringsToNull.php(31): Illuminate\\Foundation\\Http\\Middleware\\TransformsRequest->handle(Object(Illuminate\\Http\\Request), Object(Closure))
#36 D:\\xampp\\htdocs\\DeliX-SAS\\vendor\\laravel\\framework\\src\\Illuminate\\Pipeline\\Pipeline.php(180): Illuminate\\Foundation\\Http\\Middleware\\ConvertEmptyStringsToNull->handle(Object(Illuminate\\Http\\Request), Object(Closure))
#37 D:\\xampp\\htdocs\\DeliX-SAS\\vendor\\laravel\\framework\\src\\Illuminate\\Foundation\\Http\\Middleware\\TransformsRequest.php(21): Illuminate\\Pipeline\\Pipeline->Illuminate\\Pipeline\\{closure}(Object(Illuminate\\Http\\Request))
#38 D:\\xampp\\htdocs\\DeliX-SAS\\vendor\\laravel\\framework\\src\\Illuminate\\Foundation\\Http\\Middleware\\TrimStrings.php(40): Illuminate\\Foundation\\Http\\Middleware\\TransformsRequest->handle(Object(Illuminate\\Http\\Request), Object(Closure))
#39 D:\\xampp\\htdocs\\DeliX-SAS\\vendor\\laravel\\framework\\src\\Illuminate\\Pipeline\\Pipeline.php(180): Illuminate\\Foundation\\Http\\Middleware\\TrimStrings->handle(Object(Illuminate\\Http\\Request), Object(Closure))
#40 D:\\xampp\\htdocs\\DeliX-SAS\\vendor\\laravel\\framework\\src\\Illuminate\\Foundation\\Http\\Middleware\\ValidatePostSize.php(27): Illuminate\\Pipeline\\Pipeline->Illuminate\\Pipeline\\{closure}(Object(Illuminate\\Http\\Request))
#41 D:\\xampp\\htdocs\\DeliX-SAS\\vendor\\laravel\\framework\\src\\Illuminate\\Pipeline\\Pipeline.php(180): Illuminate\\Foundation\\Http\\Middleware\\ValidatePostSize->handle(Object(Illuminate\\Http\\Request), Object(Closure))
#42 D:\\xampp\\htdocs\\DeliX-SAS\\vendor\\laravel\\framework\\src\\Illuminate\\Foundation\\Http\\Middleware\\PreventRequestsDuringMaintenance.php(86): Illuminate\\Pipeline\\Pipeline->Illuminate\\Pipeline\\{closure}(Object(Illuminate\\Http\\Request))
#43 D:\\xampp\\htdocs\\DeliX-SAS\\vendor\\laravel\\framework\\src\\Illuminate\\Pipeline\\Pipeline.php(180): Illuminate\\Foundation\\Http\\Middleware\\PreventRequestsDuringMaintenance->handle(Object(Illuminate\\Http\\Request), Object(Closure))
#44 D:\\xampp\\htdocs\\DeliX-SAS\\vendor\\laravel\\framework\\src\\Illuminate\\Http\\Middleware\\HandleCors.php(49): Illuminate\\Pipeline\\Pipeline->Illuminate\\Pipeline\\{closure}(Object(Illuminate\\Http\\Request))
#45 D:\\xampp\\htdocs\\DeliX-SAS\\vendor\\laravel\\framework\\src\\Illuminate\\Pipeline\\Pipeline.php(180): Illuminate\\Http\\Middleware\\HandleCors->handle(Object(Illuminate\\Http\\Request), Object(Closure))
#46 D:\\xampp\\htdocs\\DeliX-SAS\\vendor\\laravel\\framework\\src\\Illuminate\\Http\\Middleware\\TrustProxies.php(39): Illuminate\\Pipeline\\Pipeline->Illuminate\\Pipeline\\{closure}(Object(Illuminate\\Http\\Request))
#47 D:\\xampp\\htdocs\\DeliX-SAS\\vendor\\laravel\\framework\\src\\Illuminate\\Pipeline\\Pipeline.php(180): Illuminate\\Http\\Middleware\\TrustProxies->handle(Object(Illuminate\\Http\\Request), Object(Closure))
#48 D:\\xampp\\htdocs\\DeliX-SAS\\vendor\\laravel\\framework\\src\\Illuminate\\Pipeline\\Pipeline.php(116): Illuminate\\Pipeline\\Pipeline->Illuminate\\Pipeline\\{closure}(Object(Illuminate\\Http\\Request))
#49 D:\\xampp\\htdocs\\DeliX-SAS\\vendor\\laravel\\framework\\src\\Illuminate\\Foundation\\Http\\Kernel.php(165): Illuminate\\Pipeline\\Pipeline->then(Object(Closure))
#50 D:\\xampp\\htdocs\\DeliX-SAS\\vendor\\laravel\\framework\\src\\Illuminate\\Foundation\\Http\\Kernel.php(134): Illuminate\\Foundation\\Http\\Kernel->sendRequestThroughRouter(Object(Illuminate\\Http\\Request))
#51 D:\\xampp\\htdocs\\DeliX-SAS\\index.php(56): Illuminate\\Foundation\\Http\\Kernel->handle(Object(Illuminate\\Http\\Request))
#52 D:\\xampp\\htdocs\\DeliX-SAS\\server.php(19): require_once('D:\\\\xampp\\\\htdocs...')
#53 {main}
"} 
[2024-07-18 13:47:25] local.INFO: Sending email {"to":["superadmincdxv@admin.com"],"from":"15rojoni.1998@gmail.com","view":"emails.template_mail","data":{"confirmation_link":"http://127.0.0.1:8000/user/verified/55","user":{"App\\Models\\User":{"first_name":"Roja","last_name":"rftgh","role_id":3,"email":"superadmincdxv@admin.com","user_type":"client-staff","client_id":54,"permissions":["manage_whatsapp","manage_telegram","manage_ai_writer","manage_team","manage_chat","manage_campaigns","manage_ticket","manage_setting","manage_widget","manage_template","manage_flow"],"status":1,"updated_at":"2024-07-18T11:47:25.000000Z","created_at":"2024-07-18T11:47:25.000000Z","id":55}},"subject":"Confirm your email","email_templates":{"App\\Models\\EmailTemplate":{"id":2,"subject":"Confirm your email","identifier":"confirmation_email","title":"Email Confirmation","body":"<p>Hi {name},</p><p>Please confirm your email by clicking the link below:</p><p>{confirmation_link}</p><p><br></p><p>Thanks</p><p>{site_name}</p>","short_codes":"{name},{email},{site_name},{confirmation_link}","email_type":"user","status":1,"created_at":"2024-07-18T09:54:15.000000Z","updated_at":"2024-07-18T09:54:15.000000Z"}},"template_title":"Email Confirmation"}} 
[2024-07-18 13:47:39] local.INFO: Sending email {"to":["superadmincdxv@admin.com"],"from":"15rojoni.1998@gmail.com","view":"emails.template_mail","data":{"user":{"App\\Models\\User":{"id":55,"first_name":"Roja","last_name":"rftgh","email":"superadmincdxv@admin.com","email_verified_at":"2024-07-18 13:47:39","phone_country_id":null,"phone":null,"client_id":54,"permissions":["manage_whatsapp","manage_telegram","manage_ai_writer","manage_team","manage_chat","manage_campaigns","manage_ticket","manage_setting","manage_widget","manage_template","manage_flow"],"user_type":"client-staff","firebase_auth_id":null,"language_id":null,"currency_id":null,"status":1,"is_primary":0,"images":null,"last_login":null,"last_password_change":null,"is_user_banned":0,"is_deleted":0,"role_id":3,"address":null,"country_id":null,"about":null,"is_newsletter_enabled":0,"is_notification_enabled":0,"onesignal_player_id":null,"is_onesignal_subscribed":0,"created_at":"2024-07-18T11:47:25.000000Z","updated_at":"2024-07-18T11:47:25.000000Z"}},"email_templates":{"App\\Models\\EmailTemplate":{"id":3,"subject":"Welcome to","identifier":"welcome_email","title":"Welcome Email","body":"Welcome to {site_name}","short_codes":"{name},{email},{site_name},{login_link}","email_type":"user","status":1,"created_at":"2024-07-18T09:54:15.000000Z","updated_at":"2024-07-18T09:54:15.000000Z"}},"template_title":"Welcome Email"}} 
[2024-07-18 13:48:58] local.INFO: Sending email {"to":["superadminhjk@admin.com"],"from":"15rojoni.1998@gmail.com","view":"emails.template_mail","data":{"confirmation_link":"http://127.0.0.1:8000/user/verified/56","user":{"App\\Models\\User":{"first_name":"Roja","last_name":"rftgh","role_id":3,"email":"superadminhjk@admin.com","user_type":"client-staff","client_id":55,"permissions":["manage_whatsapp","manage_telegram","manage_ai_writer","manage_team","manage_chat","manage_campaigns","manage_ticket","manage_setting","manage_widget","manage_template","manage_flow"],"status":1,"updated_at":"2024-07-18T11:48:58.000000Z","created_at":"2024-07-18T11:48:58.000000Z","id":56}},"subject":"Confirm your email","email_templates":{"App\\Models\\EmailTemplate":{"id":2,"subject":"Confirm your email","identifier":"confirmation_email","title":"Email Confirmation","body":"<p>Hi {name},</p><p>Please confirm your email by clicking the link below:</p><p>{confirmation_link}</p><p><br></p><p>Thanks</p><p>{site_name}</p>","short_codes":"{name},{email},{site_name},{confirmation_link}","email_type":"user","status":1,"created_at":"2024-07-18T09:54:15.000000Z","updated_at":"2024-07-18T09:54:15.000000Z"}},"template_title":"Email Confirmation"}} 
[2024-07-18 13:49:12] local.INFO: Sending email {"to":["superadminhjk@admin.com"],"from":"15rojoni.1998@gmail.com","view":"emails.template_mail","data":{"user":{"App\\Models\\User":{"id":56,"first_name":"Roja","last_name":"rftgh","email":"superadminhjk@admin.com","email_verified_at":"2024-07-18 13:49:12","phone_country_id":null,"phone":null,"client_id":55,"permissions":["manage_whatsapp","manage_telegram","manage_ai_writer","manage_team","manage_chat","manage_campaigns","manage_ticket","manage_setting","manage_widget","manage_template","manage_flow"],"user_type":"client-staff","firebase_auth_id":null,"language_id":null,"currency_id":null,"status":1,"is_primary":0,"images":null,"last_login":null,"last_password_change":null,"is_user_banned":0,"is_deleted":0,"role_id":3,"address":null,"country_id":null,"about":null,"is_newsletter_enabled":0,"is_notification_enabled":0,"onesignal_player_id":null,"is_onesignal_subscribed":0,"created_at":"2024-07-18T11:48:58.000000Z","updated_at":"2024-07-18T11:48:58.000000Z"}},"email_templates":{"App\\Models\\EmailTemplate":{"id":3,"subject":"Welcome to","identifier":"welcome_email","title":"Welcome Email","body":"Welcome to {site_name}","short_codes":"{name},{email},{site_name},{login_link}","email_type":"user","status":1,"created_at":"2024-07-18T09:54:15.000000Z","updated_at":"2024-07-18T09:54:15.000000Z"}},"template_title":"Welcome Email"}} 
[2024-07-18 13:50:00] local.INFO: Sending email {"to":["superadmrtghin@admin.com"],"from":"15rojoni.1998@gmail.com","view":"emails.template_mail","data":{"confirmation_link":"http://127.0.0.1:8000/user/verified/57","user":{"App\\Models\\User":{"first_name":"Roja","last_name":"Rajoni","role_id":3,"email":"superadmrtghin@admin.com","user_type":"client-staff","client_id":56,"permissions":["manage_whatsapp","manage_telegram","manage_ai_writer","manage_team","manage_chat","manage_campaigns","manage_ticket","manage_setting","manage_widget","manage_template","manage_flow"],"status":1,"updated_at":"2024-07-18T11:50:00.000000Z","created_at":"2024-07-18T11:50:00.000000Z","id":57}},"subject":"Confirm your email","email_templates":{"App\\Models\\EmailTemplate":{"id":2,"subject":"Confirm your email","identifier":"confirmation_email","title":"Email Confirmation","body":"<p>Hi {name},</p><p>Please confirm your email by clicking the link below:</p><p>{confirmation_link}</p><p><br></p><p>Thanks</p><p>{site_name}</p>","short_codes":"{name},{email},{site_name},{confirmation_link}","email_type":"user","status":1,"created_at":"2024-07-18T09:54:15.000000Z","updated_at":"2024-07-18T09:54:15.000000Z"}},"template_title":"Email Confirmation"}} 
[2024-07-18 13:50:37] local.INFO: Sending email {"to":["superaldminkmljl@admin.com"],"from":"15rojoni.1998@gmail.com","view":"emails.template_mail","data":{"confirmation_link":"http://127.0.0.1:8000/user/verified/58","user":{"App\\Models\\User":{"first_name":"jkl","last_name":"hjl","role_id":3,"email":"superaldminkmljl@admin.com","user_type":"client-staff","client_id":57,"permissions":["manage_whatsapp","manage_telegram","manage_ai_writer","manage_team","manage_chat","manage_campaigns","manage_ticket","manage_setting","manage_widget","manage_template","manage_flow"],"status":1,"updated_at":"2024-07-18T11:50:37.000000Z","created_at":"2024-07-18T11:50:37.000000Z","id":58}},"subject":"Confirm your email","email_templates":{"App\\Models\\EmailTemplate":{"id":2,"subject":"Confirm your email","identifier":"confirmation_email","title":"Email Confirmation","body":"<p>Hi {name},</p><p>Please confirm your email by clicking the link below:</p><p>{confirmation_link}</p><p><br></p><p>Thanks</p><p>{site_name}</p>","short_codes":"{name},{email},{site_name},{confirmation_link}","email_type":"user","status":1,"created_at":"2024-07-18T09:54:15.000000Z","updated_at":"2024-07-18T09:54:15.000000Z"}},"template_title":"Email Confirmation"}} 
[2024-07-18 13:50:53] local.INFO: Sending email {"to":["superaldminkmljl@admin.com"],"from":"15rojoni.1998@gmail.com","view":"emails.template_mail","data":{"user":{"App\\Models\\User":{"id":58,"first_name":"jkl","last_name":"hjl","email":"superaldminkmljl@admin.com","email_verified_at":"2024-07-18 13:50:53","phone_country_id":null,"phone":null,"client_id":57,"permissions":["manage_whatsapp","manage_telegram","manage_ai_writer","manage_team","manage_chat","manage_campaigns","manage_ticket","manage_setting","manage_widget","manage_template","manage_flow"],"user_type":"client-staff","firebase_auth_id":null,"language_id":null,"currency_id":null,"status":1,"is_primary":0,"images":null,"last_login":null,"last_password_change":null,"is_user_banned":0,"is_deleted":0,"role_id":3,"address":null,"country_id":null,"about":null,"is_newsletter_enabled":0,"is_notification_enabled":0,"onesignal_player_id":null,"is_onesignal_subscribed":0,"created_at":"2024-07-18T11:50:37.000000Z","updated_at":"2024-07-18T11:50:37.000000Z"}},"email_templates":{"App\\Models\\EmailTemplate":{"id":3,"subject":"Welcome to","identifier":"welcome_email","title":"Welcome Email","body":"Welcome to {site_name}","short_codes":"{name},{email},{site_name},{login_link}","email_type":"user","status":1,"created_at":"2024-07-18T09:54:15.000000Z","updated_at":"2024-07-18T09:54:15.000000Z"}},"template_title":"Welcome Email"}} 
[2024-07-18 13:51:57] local.INFO: Sending email {"to":["superaduimin@admin.com"],"from":"15rojoni.1998@gmail.com","view":"emails.template_mail","data":{"confirmation_link":"http://127.0.0.1:8000/user/verified/59","user":{"App\\Models\\User":{"first_name":"Rojaa","last_name":"rftgh","role_id":3,"email":"superaduimin@admin.com","user_type":"client-staff","client_id":58,"permissions":["manage_whatsapp","manage_telegram","manage_ai_writer","manage_team","manage_chat","manage_campaigns","manage_ticket","manage_setting","manage_widget","manage_template","manage_flow"],"status":1,"updated_at":"2024-07-18T11:51:57.000000Z","created_at":"2024-07-18T11:51:57.000000Z","id":59}},"subject":"Confirm your email","email_templates":{"App\\Models\\EmailTemplate":{"id":2,"subject":"Confirm your email","identifier":"confirmation_email","title":"Email Confirmation","body":"<p>Hi {name},</p><p>Please confirm your email by clicking the link below:</p><p>{confirmation_link}</p><p><br></p><p>Thanks</p><p>{site_name}</p>","short_codes":"{name},{email},{site_name},{confirmation_link}","email_type":"user","status":1,"created_at":"2024-07-18T09:54:15.000000Z","updated_at":"2024-07-18T09:54:15.000000Z"}},"template_title":"Email Confirmation"}} 
[2024-07-18 13:52:12] local.INFO: Sending email {"to":["superaduimin@admin.com"],"from":"15rojoni.1998@gmail.com","view":"emails.template_mail","data":{"user":{"App\\Models\\User":{"id":59,"first_name":"Rojaa","last_name":"rftgh","email":"superaduimin@admin.com","email_verified_at":"2024-07-18 13:52:12","phone_country_id":null,"phone":null,"client_id":58,"permissions":["manage_whatsapp","manage_telegram","manage_ai_writer","manage_team","manage_chat","manage_campaigns","manage_ticket","manage_setting","manage_widget","manage_template","manage_flow"],"user_type":"client-staff","firebase_auth_id":null,"language_id":null,"currency_id":null,"status":1,"is_primary":0,"images":null,"last_login":null,"last_password_change":null,"is_user_banned":0,"is_deleted":0,"role_id":3,"address":null,"country_id":null,"about":null,"is_newsletter_enabled":0,"is_notification_enabled":0,"onesignal_player_id":null,"is_onesignal_subscribed":0,"created_at":"2024-07-18T11:51:57.000000Z","updated_at":"2024-07-18T11:51:57.000000Z"}},"email_templates":{"App\\Models\\EmailTemplate":{"id":3,"subject":"Welcome to","identifier":"welcome_email","title":"Welcome Email","body":"Welcome to {site_name}","short_codes":"{name},{email},{site_name},{login_link}","email_type":"user","status":1,"created_at":"2024-07-18T09:54:15.000000Z","updated_at":"2024-07-18T09:54:15.000000Z"}},"template_title":"Welcome Email"}} 
[2024-07-18 14:06:40] local.INFO: Sending email {"to":["superadreeeeetmin@admin.com"],"from":"15rojoni.1998@gmail.com","view":"emails.template_mail","data":{"confirmation_link":"http://127.0.0.1:8000/user/verified/60","user":{"App\\Models\\User":{"first_name":"erter","last_name":"retre","role_id":3,"email":"superadreeeeetmin@admin.com","user_type":"client-staff","client_id":59,"permissions":["manage_whatsapp","manage_telegram","manage_ai_writer","manage_team","manage_chat","manage_campaigns","manage_ticket","manage_setting","manage_widget","manage_template","manage_flow"],"status":1,"updated_at":"2024-07-18T12:06:40.000000Z","created_at":"2024-07-18T12:06:40.000000Z","id":60}},"subject":"Confirm your email","email_templates":{"App\\Models\\EmailTemplate":{"id":2,"subject":"Confirm your email","identifier":"confirmation_email","title":"Email Confirmation","body":"<p>Hi {name},</p><p>Please confirm your email by clicking the link below:</p><p>{confirmation_link}</p><p><br></p><p>Thanks</p><p>{site_name}</p>","short_codes":"{name},{email},{site_name},{confirmation_link}","email_type":"user","status":1,"created_at":"2024-07-18T09:54:15.000000Z","updated_at":"2024-07-18T09:54:15.000000Z"}},"template_title":"Email Confirmation"}} 
[2024-07-18 14:10:27] local.INFO: Sending email {"to":["superadreeeeetmin@admin.com"],"from":"15rojoni.1998@gmail.com","view":"emails.template_mail","data":{"user":{"App\\Models\\User":{"id":60,"first_name":"erter","last_name":"retre","email":"superadreeeeetmin@admin.com","email_verified_at":"2024-07-18 14:10:27","phone_country_id":null,"phone":null,"client_id":59,"permissions":["manage_whatsapp","manage_telegram","manage_ai_writer","manage_team","manage_chat","manage_campaigns","manage_ticket","manage_setting","manage_widget","manage_template","manage_flow"],"user_type":"client-staff","firebase_auth_id":null,"language_id":null,"currency_id":null,"status":1,"is_primary":0,"images":null,"last_login":null,"last_password_change":null,"is_user_banned":0,"is_deleted":0,"role_id":3,"address":null,"country_id":null,"about":null,"is_newsletter_enabled":0,"is_notification_enabled":0,"onesignal_player_id":null,"is_onesignal_subscribed":0,"created_at":"2024-07-18T12:06:40.000000Z","updated_at":"2024-07-18T12:06:40.000000Z"}},"email_templates":{"App\\Models\\EmailTemplate":{"id":3,"subject":"Welcome to","identifier":"welcome_email","title":"Welcome Email","body":"Welcome to {site_name}","short_codes":"{name},{email},{site_name},{login_link}","email_type":"user","status":1,"created_at":"2024-07-18T09:54:15.000000Z","updated_at":"2024-07-18T09:54:15.000000Z"}},"template_title":"Welcome Email"}} 
[2024-07-18 14:15:24] local.INFO: Sending email {"to":["superadmixxndf@admin.com"],"from":"15rojoni.1998@gmail.com","view":"emails.template_mail","data":{"confirmation_link":"http://127.0.0.1:8000/user/verified/61","user":{"App\\Models\\User":{"first_name":"Roja","last_name":"rftgh","role_id":3,"email":"superadmixxndf@admin.com","user_type":"client-staff","client_id":60,"permissions":["manage_whatsapp","manage_telegram","manage_ai_writer","manage_team","manage_chat","manage_campaigns","manage_ticket","manage_setting","manage_widget","manage_template","manage_flow"],"status":1,"updated_at":"2024-07-18T12:15:24.000000Z","created_at":"2024-07-18T12:15:24.000000Z","id":61}},"subject":"Confirm your email","email_templates":{"App\\Models\\EmailTemplate":{"id":2,"subject":"Confirm your email","identifier":"confirmation_email","title":"Email Confirmation","body":"<p>Hi {name},</p><p>Please confirm your email by clicking the link below:</p><p>{confirmation_link}</p><p><br></p><p>Thanks</p><p>{site_name}</p>","short_codes":"{name},{email},{site_name},{confirmation_link}","email_type":"user","status":1,"created_at":"2024-07-18T09:54:15.000000Z","updated_at":"2024-07-18T09:54:15.000000Z"}},"template_title":"Email Confirmation"}} 
[2024-07-18 14:15:30] local.INFO: Sending email {"to":["superadmixxndfxxx@admin.com"],"from":"15rojoni.1998@gmail.com","view":"emails.template_mail","data":{"confirmation_link":"http://127.0.0.1:8000/user/verified/62","user":{"App\\Models\\User":{"first_name":"Roja","last_name":"rftgh","role_id":3,"email":"superadmixxndfxxx@admin.com","user_type":"client-staff","client_id":61,"permissions":["manage_whatsapp","manage_telegram","manage_ai_writer","manage_team","manage_chat","manage_campaigns","manage_ticket","manage_setting","manage_widget","manage_template","manage_flow"],"status":1,"updated_at":"2024-07-18T12:15:30.000000Z","created_at":"2024-07-18T12:15:30.000000Z","id":62}},"subject":"Confirm your email","email_templates":{"App\\Models\\EmailTemplate":{"id":2,"subject":"Confirm your email","identifier":"confirmation_email","title":"Email Confirmation","body":"<p>Hi {name},</p><p>Please confirm your email by clicking the link below:</p><p>{confirmation_link}</p><p><br></p><p>Thanks</p><p>{site_name}</p>","short_codes":"{name},{email},{site_name},{confirmation_link}","email_type":"user","status":1,"created_at":"2024-07-18T09:54:15.000000Z","updated_at":"2024-07-18T09:54:15.000000Z"}},"template_title":"Email Confirmation"}} 
[2024-07-18 14:16:55] local.ERROR: Trait method App\Traits\BotReplyTrait::determineNextNode has not been applied as App\Repositories\Client\WaCampaignRepository::determineNextNode, because of collision with App\Traits\WhatsAppTrait::determineNextNode {"exception":"[object] (Symfony\\Component\\ErrorHandler\\Error\\FatalError(code: 0): Trait method App\\Traits\\BotReplyTrait::determineNextNode has not been applied as App\\Repositories\\Client\\WaCampaignRepository::determineNextNode, because of collision with App\\Traits\\WhatsAppTrait::determineNextNode at D:\\xampp\\htdocs\\DeliX-SAS\\app\\Repositories\\Client\\WaCampaignRepository.php:28)
[stacktrace]
#0 {main}
"} 
[2024-07-18 14:16:56] local.ERROR: Trait method App\Traits\BotReplyTrait::determineNextNode has not been applied as App\Repositories\Client\WaCampaignRepository::determineNextNode, because of collision with App\Traits\WhatsAppTrait::determineNextNode {"exception":"[object] (Symfony\\Component\\ErrorHandler\\Error\\FatalError(code: 0): Trait method App\\Traits\\BotReplyTrait::determineNextNode has not been applied as App\\Repositories\\Client\\WaCampaignRepository::determineNextNode, because of collision with App\\Traits\\WhatsAppTrait::determineNextNode at D:\\xampp\\htdocs\\DeliX-SAS\\app\\Repositories\\Client\\WaCampaignRepository.php:28)
[stacktrace]
#0 {main}
"} 
